<?xml version="1.0" encoding="UTF-8"?>
<!-- Generated by org.testng.reporters.JUnitReportReporter -->
<testsuite skipped="0" hostname="DESKTOP-3ORHPO1" name="com.tutorialninja.testsuite.TopMenuTest" tests="1" failures="0" timestamp="2022-12-14T16:48:41 GMT" time="5.817" errors="0">
  <testcase name="verifyUserShouldNavigateToDesktopsPageSuccessfully" time="5.817" classname="com.tutorialninja.testsuite.TopMenuTest"/>
  <system-out>
    <![CDATA[clickOn Desktops[[ChromeDriver: chrome on WINDOWS (d9307385bb16cfec22fc2cfdfc7ba038)] -> link text: Desktops]
click On Show All Desktops[[ChromeDriver: chrome on WINDOWS (d9307385bb16cfec22fc2cfdfc7ba038)] -> link text: Show All Desktops]
Verify Text[[ChromeDriver: chrome on WINDOWS (d9307385bb16cfec22fc2cfdfc7ba038)] -> xpath: //h2[contains(text(),'Desktops')]]]]>
  </system-out>
</testsuite> <!-- com.tutorialninja.testsuite.TopMenuTest -->
