<?xml version="1.0" encoding="UTF-8"?>
<!-- Generated by org.testng.reporters.JUnitReportReporter -->
<testsuite skipped="0" hostname="DESKTOP-3ORHPO1" name="com.tutorialninja.testsuite.DesktopsPageTest" tests="1" failures="0" timestamp="2022-12-14T16:48:41 GMT" time="8.884" errors="0">
  <testcase name="verifyProductArrangeInAlphaBaticalOrder" time="8.884" classname="com.tutorialninja.testsuite.DesktopsPageTest"/>
  <system-out>
    <![CDATA[clickOn Desktops[[ChromeDriver: chrome on WINDOWS (c9429bf6429f5c3e44839e016e04d3f5)] -> link text: Desktops]
click Show All deshktops[[ChromeDriver: chrome on WINDOWS (c9429bf6429f5c3e44839e016e04d3f5)] -> link text: Show All Desktops]
productname
click on mastercard type button[[ChromeDriver: chrome on WINDOWS (c9429bf6429f5c3e44839e016e04d3f5)] -> id: input-sort]
productname Z to A]]>
  </system-out>
</testsuite> <!-- com.tutorialninja.testsuite.DesktopsPageTest -->
