<?xml version="1.0" encoding="UTF-8"?>
<!-- Generated by org.testng.reporters.JUnitReportReporter -->
<testsuite skipped="0" hostname="DESKTOP-3ORHPO1" name="com.tutorialninja.testsuite.MyAccountTest" tests="1" failures="0" timestamp="2022-12-14T16:48:41 GMT" time="4.912" errors="0">
  <testcase name="verifyUserShouldNavigateToRegisterPageSuccessfully" time="4.912" classname="com.tutorialninja.testsuite.MyAccountTest"/>
  <system-out>
    <![CDATA[ clickOn My Account[[ChromeDriver: chrome on WINDOWS (8ad10ef0db3bc647c01d4d0f99fa1cf9)] -> xpath: //span[contains(text(),'My Account')]]
 clikcOn Register[[ChromeDriver: chrome on WINDOWS (8ad10ef0db3bc647c01d4d0f99fa1cf9)] -> xpath: //a[contains(text(),'Register')]]
 verify Text Register Account[[ChromeDriver: chrome on WINDOWS (8ad10ef0db3bc647c01d4d0f99fa1cf9)] -> xpath: //h1[contains(text(),'Register Account')]]]]>
  </system-out>
</testsuite> <!-- com.tutorialninja.testsuite.MyAccountTest -->
