<?xml version="1.0" encoding="UTF-8"?>
<!-- Generated by org.testng.reporters.JUnitReportReporter -->
<testsuite skipped="0" hostname="DESKTOP-3ORHPO1" name="com.tutorialninja.testsuite.AccountLoginPageTest" tests="2" failures="0" timestamp="2022-12-11T12:29:25 GMT" time="19.890" errors="0">
  <testcase name="verifyUserShouldNavigateToLoginPageSuccessfully" time="10.028" classname="com.tutorialninja.testsuite.AccountLoginPageTest"/>
  <system-out/>
  <testcase name="verifyThatUserShouldLoginAndLogoutSuccessfully" time="9.862" classname="com.tutorialninja.testsuite.AccountLoginPageTest"/>
  <system-out/>
</testsuite> <!-- com.tutorialninja.testsuite.AccountLoginPageTest -->
