<?xml version="1.0" encoding="UTF-8"?>
<!-- Generated by org.testng.reporters.JUnitReportReporter -->
<testsuite skipped="0" hostname="DESKTOP-3ORHPO1" name="com.tutorialninja.testsuite.LaptopsAndNotebooksPageTest" tests="1" failures="0" timestamp="2022-12-14T16:48:41 GMT" time="5.728" errors="0">
  <testcase name="verifyProductsPriceDisplayHighToLowSuccessfully" time="5.728" classname="com.tutorialninja.testsuite.LaptopsAndNotebooksPageTest"/>
  <system-out>
    <![CDATA[mouse Hover On laptop [[ChromeDriver: chrome on WINDOWS (b0fe498f1cf886da3654665d5e689f6f)] -> link text: Laptops & Notebooks]
click On Show All laptop [[ChromeDriver: chrome on WINDOWS (b0fe498f1cf886da3654665d5e689f6f)] -> link text: Show All Laptops & Notebooks]]]>
  </system-out>
</testsuite> <!-- com.tutorialninja.testsuite.LaptopsAndNotebooksPageTest -->
